2022-06-24 00:06:53,463 INFO [main] org.springframework.boot.StartupInfoLogger : Starting StoreControllerIntegrationTest using Java 17.0.1 on JACQUELINE with PID 26288 (started by jacky in C:\JACQUELINE\CURSOS\Spring5\workspace\ejemplo.prueba.compras)
2022-06-24 00:06:53,467 INFO [main] org.springframework.boot.SpringApplication : No active profile set, falling back to 1 default profile: "default"
2022-06-24 00:06:57,754 INFO [main] org.springframework.boot.StartupInfoLogger : Started StoreControllerIntegrationTest in 4.604 seconds (JVM running for 5.889)
2022-06-24 00:06:58,217 INFO [http-nio-auto-1-exec-4] pruebas.tdd.ejemplo.prueba.compras.controller.StoreController : Log de Controller 
2022-06-24 00:07:43,775 INFO [main] org.springframework.boot.StartupInfoLogger : Starting StoreControllerIntegrationTest using Java 17.0.1 on JACQUELINE with PID 35792 (started by jacky in C:\JACQUELINE\CURSOS\Spring5\workspace\ejemplo.prueba.compras)
2022-06-24 00:07:43,777 INFO [main] org.springframework.boot.SpringApplication : No active profile set, falling back to 1 default profile: "default"
2022-06-24 00:07:49,485 INFO [main] org.springframework.boot.StartupInfoLogger : Started StoreControllerIntegrationTest in 6.22 seconds (JVM running for 8.542)
2022-06-24 00:07:50,079 INFO [http-nio-auto-1-exec-2] pruebas.tdd.ejemplo.prueba.compras.controller.StoreController : Log de Controller 
2022-06-24 00:08:37,058 INFO [main] org.springframework.boot.StartupInfoLogger : Starting StoreControllerIntegrationTest using Java 17.0.1 on JACQUELINE with PID 40248 (started by jacky in C:\JACQUELINE\CURSOS\Spring5\workspace\ejemplo.prueba.compras)
2022-06-24 00:08:37,059 INFO [main] org.springframework.boot.SpringApplication : No active profile set, falling back to 1 default profile: "default"
2022-06-24 00:08:41,869 INFO [main] org.springframework.boot.StartupInfoLogger : Started StoreControllerIntegrationTest in 5.168 seconds (JVM running for 8.521)
2022-06-24 00:08:42,154 INFO [http-nio-auto-1-exec-1] pruebas.tdd.ejemplo.prueba.compras.controller.StoreController : Log de Controller 
2022-06-24 00:11:39,792 INFO [main] org.springframework.boot.StartupInfoLogger : Starting StoreControllerIntegrationTest using Java 17.0.1 on JACQUELINE with PID 40920 (started by jacky in C:\JACQUELINE\CURSOS\Spring5\workspace\ejemplo.prueba.compras)
2022-06-24 00:11:39,793 INFO [main] org.springframework.boot.SpringApplication : No active profile set, falling back to 1 default profile: "default"
2022-06-24 00:11:43,858 INFO [main] org.springframework.boot.StartupInfoLogger : Started StoreControllerIntegrationTest in 4.356 seconds (JVM running for 5.484)
2022-06-24 00:11:44,297 INFO [http-nio-auto-1-exec-1] pruebas.tdd.ejemplo.prueba.compras.controller.StoreController : Log de Controller 
2022-06-24 00:11:44,393 INFO [http-nio-auto-1-exec-2] pruebas.tdd.ejemplo.prueba.compras.controller.StoreController : Log de Controller 
2022-06-24 00:11:44,395 INFO [http-nio-auto-1-exec-2] pruebas.tdd.ejemplo.prueba.compras.controller.StoreController : Log de Controller 
2022-06-24 00:12:13,766 INFO [main] org.springframework.boot.StartupInfoLogger : Starting StoreControllerIntegrationTest using Java 17.0.1 on JACQUELINE with PID 4432 (started by jacky in C:\JACQUELINE\CURSOS\Spring5\workspace\ejemplo.prueba.compras)
2022-06-24 00:12:13,768 INFO [main] org.springframework.boot.SpringApplication : No active profile set, falling back to 1 default profile: "default"
2022-06-24 00:12:18,034 INFO [main] org.springframework.boot.StartupInfoLogger : Started StoreControllerIntegrationTest in 4.557 seconds (JVM running for 5.731)
2022-06-24 00:12:18,432 INFO [http-nio-auto-1-exec-1] pruebas.tdd.ejemplo.prueba.compras.controller.StoreController : Log de Controller 
2022-06-24 00:12:18,538 INFO [http-nio-auto-1-exec-2] pruebas.tdd.ejemplo.prueba.compras.controller.StoreController : Log de Controller 
2022-06-24 00:12:18,541 INFO [http-nio-auto-1-exec-2] pruebas.tdd.ejemplo.prueba.compras.controller.StoreController : Log de Controller 
2022-06-24 00:15:07,025 INFO [main] org.springframework.boot.StartupInfoLogger : Starting StoreControllerIntegrationTest using Java 17.0.1 on JACQUELINE with PID 30296 (started by jacky in C:\JACQUELINE\CURSOS\Spring5\workspace\ejemplo.prueba.compras)
2022-06-24 00:15:07,026 INFO [main] org.springframework.boot.SpringApplication : No active profile set, falling back to 1 default profile: "default"
2022-06-24 00:15:11,053 INFO [main] org.springframework.boot.StartupInfoLogger : Started StoreControllerIntegrationTest in 4.333 seconds (JVM running for 5.474)
2022-06-24 00:15:11,434 INFO [http-nio-auto-1-exec-1] pruebas.tdd.ejemplo.prueba.compras.controller.StoreController : Log de Controller 
2022-06-24 00:15:11,548 INFO [http-nio-auto-1-exec-2] pruebas.tdd.ejemplo.prueba.compras.controller.StoreController : Log de Controller 
2022-06-24 00:15:11,550 INFO [http-nio-auto-1-exec-2] pruebas.tdd.ejemplo.prueba.compras.controller.StoreController : Log de Controller 
2022-06-24 00:15:24,620 INFO [main] org.springframework.boot.StartupInfoLogger : Starting Application using Java 17.0.1 on JACQUELINE with PID 29416 (C:\JACQUELINE\CURSOS\Spring5\workspace\ejemplo.prueba.compras\bin\main started by jacky in C:\JACQUELINE\CURSOS\Spring5\workspace\ejemplo.prueba.compras)
2022-06-24 00:15:24,623 INFO [main] org.springframework.boot.SpringApplication : No active profile set, falling back to 1 default profile: "default"
2022-06-24 00:15:27,388 INFO [main] org.springframework.boot.StartupInfoLogger : Started Application in 3.119 seconds (JVM running for 3.709)
2022-06-24 00:15:52,580 INFO [http-nio-8087-exec-1] pruebas.tdd.ejemplo.prueba.compras.controller.StoreController : Log de Controller 
2022-06-24 00:15:52,732 INFO [http-nio-8087-exec-1] pruebas.tdd.ejemplo.prueba.compras.services.impl.StoreServiceImpl : Ingresa y guarda el store1
2022-06-24 00:16:10,408 INFO [http-nio-8087-exec-2] pruebas.tdd.ejemplo.prueba.compras.controller.StoreController : Log de Controller 
2022-06-24 00:16:10,452 INFO [http-nio-8087-exec-2] pruebas.tdd.ejemplo.prueba.compras.controller.StoreController : Log de Controller 
2022-06-24 00:17:01,465 INFO [main] org.springframework.boot.StartupInfoLogger : Starting StoreControllerIntegrationTest using Java 17.0.1 on JACQUELINE with PID 31636 (started by jacky in C:\JACQUELINE\CURSOS\Spring5\workspace\ejemplo.prueba.compras)
2022-06-24 00:17:01,468 INFO [main] org.springframework.boot.SpringApplication : No active profile set, falling back to 1 default profile: "default"
2022-06-24 00:17:05,561 INFO [main] org.springframework.boot.StartupInfoLogger : Started StoreControllerIntegrationTest in 4.422 seconds (JVM running for 5.598)
2022-06-24 00:17:05,875 INFO [http-nio-auto-1-exec-1] pruebas.tdd.ejemplo.prueba.compras.controller.StoreController : Log de Controller 
2022-06-24 00:17:05,971 INFO [http-nio-auto-1-exec-2] pruebas.tdd.ejemplo.prueba.compras.controller.StoreController : Log de Controller 
2022-06-24 00:17:05,972 INFO [http-nio-auto-1-exec-2] pruebas.tdd.ejemplo.prueba.compras.controller.StoreController : Log de Controller 
2022-06-24 00:21:30,988 INFO [Test worker] org.springframework.boot.StartupInfoLogger : Starting StoreControllerIntegrationTest using Java 14 on JACQUELINE with PID 36592 (started by jacky in C:\JACQUELINE\CURSOS\Spring5\workspace\ejemplo.prueba.compras)
2022-06-24 00:21:30,992 INFO [Test worker] org.springframework.boot.SpringApplication : No active profile set, falling back to 1 default profile: "default"
2022-06-24 00:21:37,337 INFO [Test worker] org.springframework.boot.StartupInfoLogger : Started StoreControllerIntegrationTest in 7.014 seconds (JVM running for 9.698)
2022-06-24 00:21:37,991 INFO [http-nio-auto-1-exec-1] pruebas.tdd.ejemplo.prueba.compras.controller.StoreController : Log de Controller 
2022-06-24 00:21:38,213 INFO [http-nio-auto-1-exec-2] pruebas.tdd.ejemplo.prueba.compras.controller.StoreController : Log de Controller 
2022-06-24 00:21:38,216 INFO [http-nio-auto-1-exec-2] pruebas.tdd.ejemplo.prueba.compras.controller.StoreController : Log de Controller 
2022-06-24 00:21:38,408 INFO [Test worker] pruebas.tdd.ejemplo.prueba.compras.services.impl.StoreServiceImpl : Ingresa y guarda el store1
