2022-06-22 00:09:59,595 INFO [main] org.springframework.boot.StartupInfoLogger : Starting Application using Java 17.0.1 on JACQUELINE with PID 30964 (C:\JACQUELINE\CURSOS\Spring5\workspace\ejemplo.prueba.compras\bin\main started by jacky in C:\JACQUELINE\CURSOS\Spring5\workspace\ejemplo.prueba.compras)
2022-06-22 00:09:59,598 INFO [main] org.springframework.boot.SpringApplication : No active profile set, falling back to 1 default profile: "default"
2022-06-22 00:10:55,570 INFO [main] org.springframework.boot.StartupInfoLogger : Starting Application using Java 17.0.1 on JACQUELINE with PID 2028 (C:\JACQUELINE\CURSOS\Spring5\workspace\ejemplo.prueba.compras\bin\main started by jacky in C:\JACQUELINE\CURSOS\Spring5\workspace\ejemplo.prueba.compras)
2022-06-22 00:10:55,573 INFO [main] org.springframework.boot.SpringApplication : No active profile set, falling back to 1 default profile: "default"
2022-06-22 00:10:57,739 INFO [main] org.springframework.boot.StartupInfoLogger : Started Application in 2.445 seconds (JVM running for 2.891)
2022-06-22 00:11:56,772 INFO [http-nio-8087-exec-2] pruebas.tdd.ejemplo.prueba.compras.controller.StoreController : Log de Controller 
2022-06-22 22:22:03,841 INFO [main] org.springframework.boot.StartupInfoLogger : Starting Application using Java 17.0.1 on JACQUELINE with PID 31560 (C:\JACQUELINE\CURSOS\Spring5\workspace\ejemplo.prueba.compras\bin\main started by jacky in C:\JACQUELINE\CURSOS\Spring5\workspace\ejemplo.prueba.compras)
2022-06-22 22:22:03,846 INFO [main] org.springframework.boot.SpringApplication : No active profile set, falling back to 1 default profile: "default"
2022-06-22 22:22:06,030 INFO [main] org.springframework.boot.StartupInfoLogger : Started Application in 2.465 seconds (JVM running for 2.939)
2022-06-22 22:22:18,459 INFO [http-nio-8087-exec-1] pruebas.tdd.ejemplo.prueba.compras.controller.StoreController : Log de Controller 
2022-06-22 22:22:23,394 INFO [http-nio-8087-exec-3] pruebas.tdd.ejemplo.prueba.compras.controller.StoreController : Log de Controller 
2022-06-22 22:26:50,874 INFO [main] org.springframework.boot.StartupInfoLogger : Starting Application using Java 17.0.1 on JACQUELINE with PID 892 (C:\JACQUELINE\CURSOS\Spring5\workspace\ejemplo.prueba.compras\bin\main started by jacky in C:\JACQUELINE\CURSOS\Spring5\workspace\ejemplo.prueba.compras)
2022-06-22 22:26:50,876 INFO [main] org.springframework.boot.SpringApplication : No active profile set, falling back to 1 default profile: "default"
2022-06-22 22:26:53,070 INFO [main] org.springframework.boot.StartupInfoLogger : Started Application in 2.47 seconds (JVM running for 2.916)
2022-06-22 22:27:16,787 INFO [http-nio-8087-exec-6] pruebas.tdd.ejemplo.prueba.compras.controller.StoreController : Log de Controller 
2022-06-22 22:27:16,787 INFO [http-nio-8087-exec-6] pruebas.tdd.ejemplo.prueba.compras.services.impl.StoreServiceImpl : Ingresa y guarda el store
2022-06-22 22:27:16,844 INFO [http-nio-8087-exec-6] pruebas.tdd.ejemplo.prueba.compras.services.impl.StoreServiceImpl : Ingresa y guarda el store1
2022-06-22 22:28:18,551 INFO [http-nio-8087-exec-10] pruebas.tdd.ejemplo.prueba.compras.services.impl.ProductServiceImpl : Log de gusrdado de Product
2022-06-22 22:40:33,437 INFO [main] org.springframework.boot.StartupInfoLogger : Starting Application using Java 17.0.1 on JACQUELINE with PID 38080 (C:\JACQUELINE\CURSOS\Spring5\workspace\ejemplo.prueba.compras\bin\main started by jacky in C:\JACQUELINE\CURSOS\Spring5\workspace\ejemplo.prueba.compras)
2022-06-22 22:40:33,440 INFO [main] org.springframework.boot.SpringApplication : No active profile set, falling back to 1 default profile: "default"
2022-06-22 22:40:35,700 INFO [main] org.springframework.boot.StartupInfoLogger : Started Application in 2.589 seconds (JVM running for 3.126)
2022-06-22 22:40:46,254 INFO [http-nio-8087-exec-1] pruebas.tdd.ejemplo.prueba.compras.controller.StoreController : Log de Controller 
2022-06-22 22:40:46,302 INFO [http-nio-8087-exec-1] pruebas.tdd.ejemplo.prueba.compras.services.impl.StoreServiceImpl : Ingresa y guarda el store1
2022-06-22 22:41:05,085 INFO [http-nio-8087-exec-2] pruebas.tdd.ejemplo.prueba.compras.services.impl.ProductServiceImpl : Log de guardado de Product
2022-06-22 22:44:55,527 INFO [http-nio-8087-exec-7] pruebas.tdd.ejemplo.prueba.compras.controller.StoreController : Log de Controller 
2022-06-22 22:44:55,531 INFO [http-nio-8087-exec-7] pruebas.tdd.ejemplo.prueba.compras.controller.StoreController : Log de Controller 
2022-06-22 22:45:02,210 INFO [http-nio-8087-exec-4] pruebas.tdd.ejemplo.prueba.compras.controller.StoreController : Log de Controller 
2022-06-22 22:45:02,211 INFO [http-nio-8087-exec-4] pruebas.tdd.ejemplo.prueba.compras.controller.StoreController : Log de Controller 
2022-06-22 22:46:09,905 INFO [http-nio-8087-exec-8] pruebas.tdd.ejemplo.prueba.compras.controller.StoreController : Log de Controller 
2022-06-22 22:46:24,700 INFO [http-nio-8087-exec-3] pruebas.tdd.ejemplo.prueba.compras.controller.StoreController : Log de Controller 
2022-06-22 22:46:24,702 INFO [http-nio-8087-exec-3] pruebas.tdd.ejemplo.prueba.compras.services.impl.StoreServiceImpl : Ingresa y guarda el store3
2022-06-22 22:48:51,544 INFO [http-nio-8087-exec-6] pruebas.tdd.ejemplo.prueba.compras.controller.StoreController : Log de Controller 
2022-06-22 22:49:26,361 INFO [http-nio-8087-exec-1] pruebas.tdd.ejemplo.prueba.compras.controller.StoreController : Log de Controller 
2022-06-22 22:49:50,460 INFO [http-nio-8087-exec-8] pruebas.tdd.ejemplo.prueba.compras.controller.StoreController : Log de Controller 
2022-06-22 22:50:31,902 INFO [http-nio-8087-exec-10] pruebas.tdd.ejemplo.prueba.compras.controller.StoreController : Log de Controller 
2022-06-22 22:50:37,694 INFO [http-nio-8087-exec-2] pruebas.tdd.ejemplo.prueba.compras.controller.StoreController : Log de Controller 
2022-06-22 22:52:17,332 INFO [http-nio-8087-exec-5] pruebas.tdd.ejemplo.prueba.compras.controller.StoreController : Log updateStoreById'
2022-06-22 22:53:20,209 INFO [http-nio-8087-exec-10] pruebas.tdd.ejemplo.prueba.compras.controller.StoreController : Log deteteStoreById'
2022-06-22 22:54:29,429 INFO [http-nio-8087-exec-10] pruebas.tdd.ejemplo.prueba.compras.services.impl.ProductServiceImpl : Log de guardado de Product
2022-06-22 22:56:48,565 INFO [http-nio-8087-exec-8] pruebas.tdd.ejemplo.prueba.compras.controller.StoreController : Log de Controller 
2022-06-22 22:56:48,567 INFO [http-nio-8087-exec-8] pruebas.tdd.ejemplo.prueba.compras.services.impl.StoreServiceImpl : Ingresa y guarda el store4
2022-06-22 23:11:02,383 INFO [main] org.springframework.boot.StartupInfoLogger : Starting Application using Java 17.0.1 on JACQUELINE with PID 19224 (C:\JACQUELINE\CURSOS\Spring5\workspace\ejemplo.prueba.compras\bin\main started by jacky in C:\JACQUELINE\CURSOS\Spring5\workspace\ejemplo.prueba.compras)
2022-06-22 23:11:02,390 INFO [main] org.springframework.boot.SpringApplication : No active profile set, falling back to 1 default profile: "default"
2022-06-22 23:11:04,941 INFO [main] org.springframework.boot.StartupInfoLogger : Started Application in 2.84 seconds (JVM running for 3.29)
2022-06-22 23:11:26,113 WARN [http-nio-8087-exec-1] pruebas.tdd.ejemplo.prueba.compras.security.config.JwtAuthTokentFilter : JWT Token does not begin with Bearer String
2022-06-22 23:12:27,180 INFO [main] org.springframework.boot.StartupInfoLogger : Starting Application using Java 17.0.1 on JACQUELINE with PID 38312 (C:\JACQUELINE\CURSOS\Spring5\workspace\ejemplo.prueba.compras\bin\main started by jacky in C:\JACQUELINE\CURSOS\Spring5\workspace\ejemplo.prueba.compras)
2022-06-22 23:12:27,182 INFO [main] org.springframework.boot.SpringApplication : No active profile set, falling back to 1 default profile: "default"
2022-06-22 23:12:29,670 INFO [main] org.springframework.boot.StartupInfoLogger : Started Application in 2.773 seconds (JVM running for 3.257)
2022-06-22 23:18:40,026 INFO [main] org.springframework.boot.StartupInfoLogger : Starting Application using Java 17.0.1 on JACQUELINE with PID 17000 (C:\JACQUELINE\CURSOS\Spring5\workspace\ejemplo.prueba.compras\bin\main started by jacky in C:\JACQUELINE\CURSOS\Spring5\workspace\ejemplo.prueba.compras)
2022-06-22 23:18:40,028 INFO [main] org.springframework.boot.SpringApplication : No active profile set, falling back to 1 default profile: "default"
2022-06-22 23:18:42,540 INFO [main] org.springframework.boot.StartupInfoLogger : Started Application in 2.796 seconds (JVM running for 3.251)
2022-06-22 23:23:53,201 INFO [restartedMain] org.springframework.boot.StartupInfoLogger : Starting Application using Java 17.0.1 on JACQUELINE with PID 36208 (C:\JACQUELINE\CURSOS\Spring5\workspace\ejemplo.prueba.compras\bin\main started by jacky in C:\JACQUELINE\CURSOS\Spring5\workspace\ejemplo.prueba.compras)
2022-06-22 23:23:53,205 INFO [restartedMain] org.springframework.boot.SpringApplication : No active profile set, falling back to 1 default profile: "default"
2022-06-22 23:23:56,175 INFO [restartedMain] org.springframework.boot.StartupInfoLogger : Started Application in 3.337 seconds (JVM running for 3.989)
2022-06-22 23:26:28,292 INFO [restartedMain] org.springframework.boot.StartupInfoLogger : Starting Application using Java 17.0.1 on JACQUELINE with PID 36208 (C:\JACQUELINE\CURSOS\Spring5\workspace\ejemplo.prueba.compras\bin\main started by jacky in C:\JACQUELINE\CURSOS\Spring5\workspace\ejemplo.prueba.compras)
2022-06-22 23:26:28,293 INFO [restartedMain] org.springframework.boot.SpringApplication : No active profile set, falling back to 1 default profile: "default"
2022-06-22 23:26:28,898 INFO [restartedMain] org.springframework.boot.StartupInfoLogger : Started Application in 0.639 seconds (JVM running for 156.712)
2022-06-22 23:30:55,935 INFO [restartedMain] org.springframework.boot.StartupInfoLogger : Starting Application using Java 17.0.1 on JACQUELINE with PID 16376 (C:\JACQUELINE\CURSOS\Spring5\workspace\ejemplo.prueba.compras\bin\main started by jacky in C:\JACQUELINE\CURSOS\Spring5\workspace\ejemplo.prueba.compras)
2022-06-22 23:30:55,936 INFO [restartedMain] org.springframework.boot.SpringApplication : No active profile set, falling back to 1 default profile: "default"
2022-06-22 23:30:58,938 INFO [restartedMain] org.springframework.boot.StartupInfoLogger : Started Application in 3.336 seconds (JVM running for 4.012)
2022-06-22 23:39:52,460 INFO [restartedMain] org.springframework.boot.StartupInfoLogger : Starting Application using Java 17.0.1 on JACQUELINE with PID 15604 (C:\JACQUELINE\CURSOS\Spring5\workspace\ejemplo.prueba.compras\bin\main started by jacky in C:\JACQUELINE\CURSOS\Spring5\workspace\ejemplo.prueba.compras)
2022-06-22 23:39:52,461 INFO [restartedMain] org.springframework.boot.SpringApplication : No active profile set, falling back to 1 default profile: "default"
2022-06-22 23:39:55,520 INFO [restartedMain] org.springframework.boot.StartupInfoLogger : Started Application in 3.406 seconds (JVM running for 4.103)
2022-06-22 23:47:20,843 INFO [restartedMain] org.springframework.boot.StartupInfoLogger : Starting Application using Java 17.0.1 on JACQUELINE with PID 15604 (C:\JACQUELINE\CURSOS\Spring5\workspace\ejemplo.prueba.compras\bin\main started by jacky in C:\JACQUELINE\CURSOS\Spring5\workspace\ejemplo.prueba.compras)
2022-06-22 23:47:20,843 INFO [restartedMain] org.springframework.boot.SpringApplication : No active profile set, falling back to 1 default profile: "default"
2022-06-22 23:47:21,490 INFO [restartedMain] org.springframework.boot.StartupInfoLogger : Started Application in 0.671 seconds (JVM running for 450.072)
2022-06-22 23:47:55,897 INFO [main] org.springframework.boot.StartupInfoLogger : Starting Application using Java 17.0.1 on JACQUELINE with PID 40328 (C:\JACQUELINE\CURSOS\Spring5\workspace\ejemplo.prueba.compras\bin\main started by jacky in C:\JACQUELINE\CURSOS\Spring5\workspace\ejemplo.prueba.compras)
2022-06-22 23:47:55,899 INFO [main] org.springframework.boot.SpringApplication : No active profile set, falling back to 1 default profile: "default"
2022-06-22 23:47:58,714 INFO [main] org.springframework.boot.StartupInfoLogger : Started Application in 3.149 seconds (JVM running for 3.72)
2022-06-22 23:59:44,425 INFO [main] org.springframework.boot.StartupInfoLogger : Starting Application using Java 17.0.1 on JACQUELINE with PID 19280 (C:\JACQUELINE\CURSOS\Spring5\workspace\ejemplo.prueba.compras\bin\main started by jacky in C:\JACQUELINE\CURSOS\Spring5\workspace\ejemplo.prueba.compras)
2022-06-22 23:59:44,427 INFO [main] org.springframework.boot.SpringApplication : No active profile set, falling back to 1 default profile: "default"
2022-06-22 23:59:47,211 INFO [main] org.springframework.boot.StartupInfoLogger : Started Application in 3.118 seconds (JVM running for 3.752)
